{"C:\\Users\\ivanj\\Desktop\\FrontEnd\\src\\context\\CartContext.jsx": {"path":"C:\\Users\\ivanj\\Desktop\\FrontEnd\\src\\context\\CartContext.jsx","statementMap":{"0":{"start":{"line":4,"column":6},"end":{"line":4,"column":null}},"1":{"start":{"line":6,"column":28},"end":{"line":115,"column":null}},"2":{"start":{"line":7,"column":24},"end":{"line":7,"column":null}},"3":{"start":{"line":8,"column":2},"end":{"line":18,"column":null}},"4":{"start":{"line":9,"column":22},"end":{"line":9,"column":null}},"5":{"start":{"line":10,"column":4},"end":{"line":17,"column":null}},"6":{"start":{"line":11,"column":6},"end":{"line":16,"column":null}},"7":{"start":{"line":12,"column":8},"end":{"line":12,"column":null}},"8":{"start":{"line":14,"column":8},"end":{"line":14,"column":null}},"9":{"start":{"line":15,"column":8},"end":{"line":15,"column":null}},"10":{"start":{"line":20,"column":2},"end":{"line":22,"column":null}},"11":{"start":{"line":21,"column":4},"end":{"line":21,"column":null}},"12":{"start":{"line":23,"column":20},"end":{"line":54,"column":null}},"13":{"start":{"line":24,"column":4},"end":{"line":27,"column":null}},"14":{"start":{"line":25,"column":6},"end":{"line":25,"column":null}},"15":{"start":{"line":26,"column":6},"end":{"line":26,"column":null}},"16":{"start":{"line":28,"column":22},"end":{"line":28,"column":null}},"17":{"start":{"line":29,"column":25},"end":{"line":29,"column":null}},"18":{"start":{"line":30,"column":4},"end":{"line":53,"column":null}},"19":{"start":{"line":31,"column":32},"end":{"line":33,"column":null}},"20":{"start":{"line":32,"column":16},"end":{"line":32,"column":null}},"21":{"start":{"line":35,"column":6},"end":{"line":52,"column":null}},"22":{"start":{"line":36,"column":29},"end":{"line":36,"column":null}},"23":{"start":{"line":37,"column":8},"end":{"line":40,"column":null}},"24":{"start":{"line":41,"column":8},"end":{"line":41,"column":null}},"25":{"start":{"line":43,"column":24},"end":{"line":50,"column":null}},"26":{"start":{"line":51,"column":8},"end":{"line":51,"column":null}},"27":{"start":{"line":56,"column":25},"end":{"line":60,"column":null}},"28":{"start":{"line":57,"column":4},"end":{"line":59,"column":null}},"29":{"start":{"line":58,"column":6},"end":{"line":58,"column":null}},"30":{"start":{"line":58,"column":31},"end":{"line":58,"column":79}},"31":{"start":{"line":62,"column":25},"end":{"line":75,"column":null}},"32":{"start":{"line":63,"column":4},"end":{"line":66,"column":null}},"33":{"start":{"line":64,"column":6},"end":{"line":64,"column":null}},"34":{"start":{"line":65,"column":6},"end":{"line":65,"column":null}},"35":{"start":{"line":68,"column":4},"end":{"line":74,"column":null}},"36":{"start":{"line":69,"column":6},"end":{"line":73,"column":null}},"37":{"start":{"line":70,"column":8},"end":{"line":72,"column":null}},"38":{"start":{"line":77,"column":20},"end":{"line":79,"column":null}},"39":{"start":{"line":78,"column":4},"end":{"line":78,"column":null}},"40":{"start":{"line":81,"column":24},"end":{"line":83,"column":null}},"41":{"start":{"line":82,"column":4},"end":{"line":82,"column":null}},"42":{"start":{"line":82,"column":41},"end":{"line":82,"column":64}},"43":{"start":{"line":85,"column":24},"end":{"line":92,"column":null}},"44":{"start":{"line":86,"column":2},"end":{"line":86,"column":null}},"45":{"start":{"line":87,"column":2},"end":{"line":91,"column":null}},"46":{"start":{"line":88,"column":22},"end":{"line":88,"column":null}},"47":{"start":{"line":89,"column":4},"end":{"line":89,"column":null}},"48":{"start":{"line":90,"column":4},"end":{"line":90,"column":null}},"49":{"start":{"line":94,"column":20},"end":{"line":97,"column":null}},"50":{"start":{"line":95,"column":4},"end":{"line":95,"column":null}},"51":{"start":{"line":95,"column":36},"end":{"line":95,"column":null}},"52":{"start":{"line":96,"column":4},"end":{"line":96,"column":null}},"53":{"start":{"line":99,"column":16},"end":{"line":108,"column":null}},"54":{"start":{"line":110,"column":2},"end":{"line":113,"column":null}},"55":{"start":{"line":117,"column":23},"end":{"line":124,"column":null}},"56":{"start":{"line":118,"column":8},"end":{"line":118,"column":null}},"57":{"start":{"line":120,"column":2},"end":{"line":122,"column":null}},"58":{"start":{"line":121,"column":4},"end":{"line":121,"column":null}},"59":{"start":{"line":123,"column":2},"end":{"line":123,"column":null}}},"fnMap":{"0":{"name":"(anonymous_0)","decl":{"start":{"line":6,"column":28},"end":{"line":6,"column":29}},"loc":{"start":{"line":6,"column":46},"end":{"line":115,"column":null}},"line":6},"1":{"name":"(anonymous_1)","decl":{"start":{"line":8,"column":12},"end":{"line":8,"column":18}},"loc":{"start":{"line":8,"column":18},"end":{"line":18,"column":5}},"line":8},"2":{"name":"(anonymous_2)","decl":{"start":{"line":20,"column":12},"end":{"line":20,"column":18}},"loc":{"start":{"line":20,"column":18},"end":{"line":22,"column":5}},"line":20},"3":{"name":"(anonymous_3)","decl":{"start":{"line":23,"column":20},"end":{"line":23,"column":21}},"loc":{"start":{"line":23,"column":33},"end":{"line":54,"column":null}},"line":23},"4":{"name":"(anonymous_4)","decl":{"start":{"line":30,"column":13},"end":{"line":30,"column":26}},"loc":{"start":{"line":30,"column":26},"end":{"line":53,"column":5}},"line":30},"5":{"name":"(anonymous_5)","decl":{"start":{"line":32,"column":8},"end":{"line":32,"column":16}},"loc":{"start":{"line":32,"column":16},"end":{"line":32,"column":null}},"line":32},"6":{"name":"(anonymous_6)","decl":{"start":{"line":56,"column":25},"end":{"line":56,"column":26}},"loc":{"start":{"line":56,"column":53},"end":{"line":60,"column":null}},"line":56},"7":{"name":"(anonymous_7)","decl":{"start":{"line":57,"column":13},"end":{"line":57,"column":null}},"loc":{"start":{"line":58,"column":6},"end":{"line":58,"column":null}},"line":58},"8":{"name":"(anonymous_8)","decl":{"start":{"line":58,"column":23},"end":{"line":58,"column":31}},"loc":{"start":{"line":58,"column":31},"end":{"line":58,"column":79}},"line":58},"9":{"name":"(anonymous_9)","decl":{"start":{"line":62,"column":25},"end":{"line":62,"column":26}},"loc":{"start":{"line":62,"column":66},"end":{"line":75,"column":null}},"line":62},"10":{"name":"(anonymous_10)","decl":{"start":{"line":68,"column":13},"end":{"line":68,"column":null}},"loc":{"start":{"line":69,"column":6},"end":{"line":73,"column":null}},"line":69},"11":{"name":"(anonymous_11)","decl":{"start":{"line":69,"column":20},"end":{"line":69,"column":null}},"loc":{"start":{"line":70,"column":8},"end":{"line":72,"column":null}},"line":70},"12":{"name":"(anonymous_12)","decl":{"start":{"line":77,"column":20},"end":{"line":77,"column":26}},"loc":{"start":{"line":77,"column":26},"end":{"line":79,"column":null}},"line":77},"13":{"name":"(anonymous_13)","decl":{"start":{"line":81,"column":24},"end":{"line":81,"column":30}},"loc":{"start":{"line":81,"column":30},"end":{"line":83,"column":null}},"line":81},"14":{"name":"(anonymous_14)","decl":{"start":{"line":82,"column":24},"end":{"line":82,"column":25}},"loc":{"start":{"line":82,"column":41},"end":{"line":82,"column":64}},"line":82},"15":{"name":"(anonymous_15)","decl":{"start":{"line":85,"column":24},"end":{"line":85,"column":30}},"loc":{"start":{"line":85,"column":30},"end":{"line":92,"column":null}},"line":85},"16":{"name":"(anonymous_16)","decl":{"start":{"line":87,"column":22},"end":{"line":87,"column":23}},"loc":{"start":{"line":87,"column":39},"end":{"line":91,"column":5}},"line":87},"17":{"name":"(anonymous_17)","decl":{"start":{"line":94,"column":20},"end":{"line":94,"column":21}},"loc":{"start":{"line":94,"column":32},"end":{"line":97,"column":null}},"line":94},"18":{"name":"(anonymous_18)","decl":{"start":{"line":117,"column":23},"end":{"line":117,"column":29}},"loc":{"start":{"line":117,"column":29},"end":{"line":124,"column":null}},"line":117}},"branchMap":{"0":{"loc":{"start":{"line":10,"column":4},"end":{"line":17,"column":null}},"type":"if","locations":[{"start":{"line":10,"column":4},"end":{"line":17,"column":null}},{"start":{},"end":{}}],"line":10},"1":{"loc":{"start":{"line":24,"column":4},"end":{"line":27,"column":null}},"type":"if","locations":[{"start":{"line":24,"column":4},"end":{"line":27,"column":null}},{"start":{},"end":{}}],"line":24},"2":{"loc":{"start":{"line":24,"column":8},"end":{"line":24,"column":33}},"type":"binary-expr","locations":[{"start":{"line":24,"column":8},"end":{"line":24,"column":20}},{"start":{"line":24,"column":20},"end":{"line":24,"column":33}}],"line":24},"3":{"loc":{"start":{"line":29,"column":25},"end":{"line":29,"column":null}},"type":"binary-expr","locations":[{"start":{"line":29,"column":25},"end":{"line":29,"column":42}},{"start":{"line":29,"column":42},"end":{"line":29,"column":null}}],"line":29},"4":{"loc":{"start":{"line":32,"column":16},"end":{"line":32,"column":null}},"type":"binary-expr","locations":[{"start":{"line":32,"column":16},"end":{"line":32,"column":41}},{"start":{"line":32,"column":41},"end":{"line":32,"column":null}}],"line":32},"5":{"loc":{"start":{"line":35,"column":6},"end":{"line":52,"column":null}},"type":"if","locations":[{"start":{"line":35,"column":6},"end":{"line":52,"column":null}},{"start":{"line":42,"column":13},"end":{"line":52,"column":null}}],"line":35},"6":{"loc":{"start":{"line":39,"column":64},"end":{"line":39,"column":null}},"type":"binary-expr","locations":[{"start":{"line":39,"column":64},"end":{"line":39,"column":84}},{"start":{"line":39,"column":84},"end":{"line":39,"column":null}}],"line":39},"7":{"loc":{"start":{"line":45,"column":18},"end":{"line":45,"column":null}},"type":"binary-expr","locations":[{"start":{"line":45,"column":18},"end":{"line":45,"column":36}},{"start":{"line":45,"column":36},"end":{"line":45,"column":null}}],"line":45},"8":{"loc":{"start":{"line":46,"column":18},"end":{"line":46,"column":null}},"type":"binary-expr","locations":[{"start":{"line":46,"column":18},"end":{"line":46,"column":36}},{"start":{"line":46,"column":36},"end":{"line":46,"column":null}}],"line":46},"9":{"loc":{"start":{"line":47,"column":18},"end":{"line":47,"column":null}},"type":"binary-expr","locations":[{"start":{"line":47,"column":18},"end":{"line":47,"column":36}},{"start":{"line":47,"column":36},"end":{"line":47,"column":null}}],"line":47},"10":{"loc":{"start":{"line":49,"column":20},"end":{"line":49,"column":null}},"type":"binary-expr","locations":[{"start":{"line":49,"column":20},"end":{"line":49,"column":40}},{"start":{"line":49,"column":40},"end":{"line":49,"column":null}}],"line":49},"11":{"loc":{"start":{"line":56,"column":37},"end":{"line":56,"column":53}},"type":"default-arg","locations":[{"start":{"line":56,"column":45},"end":{"line":56,"column":53}}],"line":56},"12":{"loc":{"start":{"line":58,"column":33},"end":{"line":58,"column":79}},"type":"binary-expr","locations":[{"start":{"line":58,"column":33},"end":{"line":58,"column":58}},{"start":{"line":58,"column":58},"end":{"line":58,"column":79}}],"line":58},"13":{"loc":{"start":{"line":62,"column":37},"end":{"line":62,"column":50}},"type":"default-arg","locations":[{"start":{"line":62,"column":45},"end":{"line":62,"column":50}}],"line":62},"14":{"loc":{"start":{"line":63,"column":4},"end":{"line":66,"column":null}},"type":"if","locations":[{"start":{"line":63,"column":4},"end":{"line":66,"column":null}},{"start":{},"end":{}}],"line":63},"15":{"loc":{"start":{"line":70,"column":8},"end":{"line":72,"column":null}},"type":"cond-expr","locations":[{"start":{"line":71,"column":12},"end":{"line":71,"column":null}},{"start":{"line":72,"column":12},"end":{"line":72,"column":null}}],"line":70},"16":{"loc":{"start":{"line":70,"column":8},"end":{"line":70,"column":null}},"type":"binary-expr","locations":[{"start":{"line":70,"column":8},"end":{"line":70,"column":33}},{"start":{"line":70,"column":33},"end":{"line":70,"column":null}}],"line":70},"17":{"loc":{"start":{"line":95,"column":4},"end":{"line":95,"column":null}},"type":"if","locations":[{"start":{"line":95,"column":4},"end":{"line":95,"column":null}},{"start":{},"end":{}}],"line":95},"18":{"loc":{"start":{"line":120,"column":2},"end":{"line":122,"column":null}},"type":"if","locations":[{"start":{"line":120,"column":2},"end":{"line":122,"column":null}},{"start":{},"end":{}}],"line":120}},"s":{"0":2,"1":2,"2":25,"3":25,"4":11,"5":11,"6":6,"7":6,"8":0,"9":0,"10":25,"11":25,"12":25,"13":4,"14":0,"15":0,"16":4,"17":4,"18":4,"19":4,"20":1,"21":4,"22":1,"23":1,"24":1,"25":3,"26":3,"27":25,"28":2,"29":2,"30":2,"31":25,"32":1,"33":0,"34":0,"35":1,"36":1,"37":1,"38":25,"39":1,"40":25,"41":9,"42":4,"43":25,"44":34,"45":34,"46":29,"47":29,"48":29,"49":25,"50":49,"51":0,"52":49,"53":25,"54":25,"55":2,"56":26,"57":26,"58":0,"59":26},"f":{"0":25,"1":11,"2":25,"3":4,"4":4,"5":1,"6":2,"7":2,"8":2,"9":1,"10":1,"11":1,"12":1,"13":9,"14":4,"15":34,"16":29,"17":49,"18":26},"b":{"0":[6,5],"1":[0,4],"2":[4,4],"3":[4,0],"4":[1,1],"5":[1,3],"6":[1,1],"7":[3,0],"8":[3,0],"9":[3,0],"10":[3,3],"11":[2],"12":[2,2],"13":[1],"14":[0,1],"15":[1,0],"16":[1,1],"17":[0,49],"18":[0,26]},"meta":{"lastBranch":19,"lastFunction":19,"lastStatement":60,"seen":{"s:4:6:4:Infinity":0,"s:6:28:115:Infinity":1,"f:6:28:6:29":0,"s:7:24:7:Infinity":2,"s:8:2:18:Infinity":3,"f:8:12:8:18":1,"s:9:22:9:Infinity":4,"b:10:4:17:Infinity:undefined:undefined:undefined:undefined":0,"s:10:4:17:Infinity":5,"s:11:6:16:Infinity":6,"s:12:8:12:Infinity":7,"s:14:8:14:Infinity":8,"s:15:8:15:Infinity":9,"s:20:2:22:Infinity":10,"f:20:12:20:18":2,"s:21:4:21:Infinity":11,"s:23:20:54:Infinity":12,"f:23:20:23:21":3,"b:24:4:27:Infinity:undefined:undefined:undefined:undefined":1,"s:24:4:27:Infinity":13,"b:24:8:24:20:24:20:24:33":2,"s:25:6:25:Infinity":14,"s:26:6:26:Infinity":15,"s:28:22:28:Infinity":16,"s:29:25:29:Infinity":17,"b:29:25:29:42:29:42:29:Infinity":3,"s:30:4:53:Infinity":18,"f:30:13:30:26":4,"s:31:32:33:Infinity":19,"f:32:8:32:16":5,"s:32:16:32:Infinity":20,"b:32:16:32:41:32:41:32:Infinity":4,"b:35:6:52:Infinity:42:13:52:Infinity":5,"s:35:6:52:Infinity":21,"s:36:29:36:Infinity":22,"s:37:8:40:Infinity":23,"b:39:64:39:84:39:84:39:Infinity":6,"s:41:8:41:Infinity":24,"s:43:24:50:Infinity":25,"b:45:18:45:36:45:36:45:Infinity":7,"b:46:18:46:36:46:36:46:Infinity":8,"b:47:18:47:36:47:36:47:Infinity":9,"b:49:20:49:40:49:40:49:Infinity":10,"s:51:8:51:Infinity":26,"s:56:25:60:Infinity":27,"f:56:25:56:26":6,"b:56:45:56:53":11,"s:57:4:59:Infinity":28,"f:57:13:57:Infinity":7,"s:58:6:58:Infinity":29,"f:58:23:58:31":8,"s:58:31:58:79":30,"b:58:33:58:58:58:58:58:79":12,"s:62:25:75:Infinity":31,"f:62:25:62:26":9,"b:62:45:62:50":13,"b:63:4:66:Infinity:undefined:undefined:undefined:undefined":14,"s:63:4:66:Infinity":32,"s:64:6:64:Infinity":33,"s:65:6:65:Infinity":34,"s:68:4:74:Infinity":35,"f:68:13:68:Infinity":10,"s:69:6:73:Infinity":36,"f:69:20:69:Infinity":11,"s:70:8:72:Infinity":37,"b:71:12:71:Infinity:72:12:72:Infinity":15,"b:70:8:70:33:70:33:70:Infinity":16,"s:77:20:79:Infinity":38,"f:77:20:77:26":12,"s:78:4:78:Infinity":39,"s:81:24:83:Infinity":40,"f:81:24:81:30":13,"s:82:4:82:Infinity":41,"f:82:24:82:25":14,"s:82:41:82:64":42,"s:85:24:92:Infinity":43,"f:85:24:85:30":15,"s:86:2:86:Infinity":44,"s:87:2:91:Infinity":45,"f:87:22:87:23":16,"s:88:22:88:Infinity":46,"s:89:4:89:Infinity":47,"s:90:4:90:Infinity":48,"s:94:20:97:Infinity":49,"f:94:20:94:21":17,"b:95:4:95:Infinity:undefined:undefined:undefined:undefined":17,"s:95:4:95:Infinity":50,"s:95:36:95:Infinity":51,"s:96:4:96:Infinity":52,"s:99:16:108:Infinity":53,"s:110:2:113:Infinity":54,"s:117:23:124:Infinity":55,"f:117:23:117:29":18,"s:118:8:118:Infinity":56,"b:120:2:122:Infinity:undefined:undefined:undefined:undefined":18,"s:120:2:122:Infinity":57,"s:121:4:121:Infinity":58,"s:123:2:123:Infinity":59}}}
,"C:\\Users\\ivanj\\Desktop\\FrontEnd\\src\\pages\\Carrito\\Carrito.css": {"path":"C:\\Users\\ivanj\\Desktop\\FrontEnd\\src\\pages\\Carrito\\Carrito.css","statementMap":{},"fnMap":{},"branchMap":{},"s":{},"f":{},"b":{},"meta":{"lastBranch":0,"lastFunction":0,"lastStatement":0,"seen":{}}}
,"C:\\Users\\ivanj\\Desktop\\FrontEnd\\src\\pages\\Carrito\\Carrito.jsx": {"path":"C:\\Users\\ivanj\\Desktop\\FrontEnd\\src\\pages\\Carrito\\Carrito.jsx","statementMap":{"0":{"start":{"line":7,"column":32},"end":{"line":7,"column":null}},"1":{"start":{"line":15,"column":2},"end":{"line":15,"column":null}},"2":{"start":{"line":17,"column":31},"end":{"line":23,"column":null}},"3":{"start":{"line":18,"column":4},"end":{"line":22,"column":null}},"4":{"start":{"line":19,"column":6},"end":{"line":19,"column":null}},"5":{"start":{"line":21,"column":6},"end":{"line":21,"column":null}},"6":{"start":{"line":25,"column":27},"end":{"line":29,"column":null}},"7":{"start":{"line":26,"column":4},"end":{"line":28,"column":null}},"8":{"start":{"line":27,"column":6},"end":{"line":27,"column":null}},"9":{"start":{"line":31,"column":26},"end":{"line":104,"column":null}},"10":{"start":{"line":32,"column":2},"end":{"line":35,"column":null}},"11":{"start":{"line":33,"column":4},"end":{"line":33,"column":null}},"12":{"start":{"line":34,"column":4},"end":{"line":34,"column":null}},"13":{"start":{"line":37,"column":16},"end":{"line":37,"column":null}},"14":{"start":{"line":38,"column":22},"end":{"line":38,"column":null}},"15":{"start":{"line":40,"column":2},"end":{"line":46,"column":null}},"16":{"start":{"line":41,"column":4},"end":{"line":41,"column":null}},"17":{"start":{"line":42,"column":4},"end":{"line":42,"column":null}},"18":{"start":{"line":43,"column":4},"end":{"line":43,"column":null}},"19":{"start":{"line":44,"column":4},"end":{"line":44,"column":null}},"20":{"start":{"line":45,"column":4},"end":{"line":45,"column":null}},"21":{"start":{"line":48,"column":2},"end":{"line":103,"column":null}},"22":{"start":{"line":49,"column":20},"end":{"line":49,"column":null}},"23":{"start":{"line":50,"column":21},"end":{"line":50,"column":null}},"24":{"start":{"line":51,"column":16},"end":{"line":51,"column":null}},"25":{"start":{"line":52,"column":24},"end":{"line":52,"column":null}},"26":{"start":{"line":54,"column":4},"end":{"line":54,"column":null}},"27":{"start":{"line":55,"column":4},"end":{"line":55,"column":null}},"28":{"start":{"line":56,"column":4},"end":{"line":56,"column":null}},"29":{"start":{"line":57,"column":4},"end":{"line":57,"column":null}},"30":{"start":{"line":59,"column":4},"end":{"line":59,"column":null}},"31":{"start":{"line":61,"column":19},"end":{"line":73,"column":null}},"32":{"start":{"line":68,"column":35},"end":{"line":72,"column":8}},"33":{"start":{"line":74,"column":4},"end":{"line":74,"column":null}},"34":{"start":{"line":75,"column":16},"end":{"line":83,"column":null}},"35":{"start":{"line":84,"column":4},"end":{"line":87,"column":null}},"36":{"start":{"line":85,"column":24},"end":{"line":85,"column":null}},"37":{"start":{"line":86,"column":6},"end":{"line":86,"column":null}},"38":{"start":{"line":88,"column":4},"end":{"line":88,"column":null}},"39":{"start":{"line":89,"column":4},"end":{"line":89,"column":null}},"40":{"start":{"line":90,"column":4},"end":{"line":90,"column":null}},"41":{"start":{"line":92,"column":4},"end":{"line":92,"column":null}},"42":{"start":{"line":93,"column":4},"end":{"line":100,"column":null}},"43":{"start":{"line":94,"column":6},"end":{"line":94,"column":null}},"44":{"start":{"line":95,"column":6},"end":{"line":95,"column":null}},"45":{"start":{"line":96,"column":6},"end":{"line":96,"column":null}},"46":{"start":{"line":97,"column":6},"end":{"line":97,"column":null}},"47":{"start":{"line":99,"column":6},"end":{"line":99,"column":null}},"48":{"start":{"line":102,"column":4},"end":{"line":102,"column":null}},"49":{"start":{"line":106,"column":2},"end":{"line":208,"column":null}},"50":{"start":{"line":123,"column":18},"end":{"line":163,"column":null}},"51":{"start":{"line":136,"column":39},"end":{"line":136,"column":null}},"52":{"start":{"line":143,"column":39},"end":{"line":143,"column":null}},"53":{"start":{"line":156,"column":39},"end":{"line":156,"column":null}}},"fnMap":{"0":{"name":"Carrito","decl":{"start":{"line":6,"column":24},"end":{"line":6,"column":34}},"loc":{"start":{"line":6,"column":34},"end":{"line":210,"column":null}},"line":6},"1":{"name":"(anonymous_1)","decl":{"start":{"line":17,"column":31},"end":{"line":17,"column":32}},"loc":{"start":{"line":17,"column":66},"end":{"line":23,"column":null}},"line":17},"2":{"name":"(anonymous_2)","decl":{"start":{"line":25,"column":27},"end":{"line":25,"column":28}},"loc":{"start":{"line":25,"column":37},"end":{"line":29,"column":null}},"line":25},"3":{"name":"(anonymous_3)","decl":{"start":{"line":31,"column":26},"end":{"line":31,"column":38}},"loc":{"start":{"line":31,"column":38},"end":{"line":104,"column":null}},"line":31},"4":{"name":"(anonymous_4)","decl":{"start":{"line":68,"column":26},"end":{"line":68,"column":35}},"loc":{"start":{"line":68,"column":35},"end":{"line":72,"column":8}},"line":68},"5":{"name":"(anonymous_5)","decl":{"start":{"line":122,"column":27},"end":{"line":122,"column":28}},"loc":{"start":{"line":123,"column":18},"end":{"line":163,"column":null}},"line":123},"6":{"name":"(anonymous_6)","decl":{"start":{"line":136,"column":33},"end":{"line":136,"column":39}},"loc":{"start":{"line":136,"column":39},"end":{"line":136,"column":null}},"line":136},"7":{"name":"(anonymous_7)","decl":{"start":{"line":143,"column":33},"end":{"line":143,"column":39}},"loc":{"start":{"line":143,"column":39},"end":{"line":143,"column":null}},"line":143},"8":{"name":"(anonymous_8)","decl":{"start":{"line":156,"column":33},"end":{"line":156,"column":39}},"loc":{"start":{"line":156,"column":39},"end":{"line":156,"column":null}},"line":156}},"branchMap":{"0":{"loc":{"start":{"line":18,"column":4},"end":{"line":22,"column":null}},"type":"if","locations":[{"start":{"line":18,"column":4},"end":{"line":22,"column":null}},{"start":{"line":20,"column":11},"end":{"line":22,"column":null}}],"line":18},"1":{"loc":{"start":{"line":26,"column":4},"end":{"line":28,"column":null}},"type":"if","locations":[{"start":{"line":26,"column":4},"end":{"line":28,"column":null}},{"start":{},"end":{}}],"line":26},"2":{"loc":{"start":{"line":32,"column":2},"end":{"line":35,"column":null}},"type":"if","locations":[{"start":{"line":32,"column":2},"end":{"line":35,"column":null}},{"start":{},"end":{}}],"line":32},"3":{"loc":{"start":{"line":40,"column":2},"end":{"line":46,"column":null}},"type":"if","locations":[{"start":{"line":40,"column":2},"end":{"line":46,"column":null}},{"start":{},"end":{}}],"line":40},"4":{"loc":{"start":{"line":40,"column":6},"end":{"line":40,"column":30}},"type":"binary-expr","locations":[{"start":{"line":40,"column":6},"end":{"line":40,"column":16}},{"start":{"line":40,"column":16},"end":{"line":40,"column":30}}],"line":40},"5":{"loc":{"start":{"line":71,"column":15},"end":{"line":71,"column":null}},"type":"binary-expr","locations":[{"start":{"line":71,"column":15},"end":{"line":71,"column":29}},{"start":{"line":71,"column":29},"end":{"line":71,"column":null}}],"line":71},"6":{"loc":{"start":{"line":84,"column":4},"end":{"line":87,"column":null}},"type":"if","locations":[{"start":{"line":84,"column":4},"end":{"line":87,"column":null}},{"start":{},"end":{}}],"line":84},"7":{"loc":{"start":{"line":86,"column":46},"end":{"line":86,"column":73}},"type":"binary-expr","locations":[{"start":{"line":86,"column":46},"end":{"line":86,"column":59}},{"start":{"line":86,"column":59},"end":{"line":86,"column":73}}],"line":86},"8":{"loc":{"start":{"line":93,"column":4},"end":{"line":100,"column":null}},"type":"if","locations":[{"start":{"line":93,"column":4},"end":{"line":100,"column":null}},{"start":{"line":98,"column":11},"end":{"line":100,"column":null}}],"line":93},"9":{"loc":{"start":{"line":112,"column":11},"end":{"line":201,"column":null}},"type":"cond-expr","locations":[{"start":{"line":113,"column":12},"end":{"line":118,"column":null}},{"start":{"line":120,"column":12},"end":{"line":201,"column":null}}],"line":112},"10":{"loc":{"start":{"line":197,"column":21},"end":{"line":197,"column":null}},"type":"cond-expr","locations":[{"start":{"line":197,"column":33},"end":{"line":197,"column":51}},{"start":{"line":197,"column":51},"end":{"line":197,"column":null}}],"line":197}},"s":{"0":17,"1":17,"2":17,"3":2,"4":1,"5":1,"6":17,"7":0,"8":0,"9":17,"10":2,"11":0,"12":0,"13":2,"14":2,"15":2,"16":1,"17":1,"18":1,"19":1,"20":1,"21":1,"22":1,"23":1,"24":1,"25":1,"26":1,"27":1,"28":1,"29":1,"30":1,"31":1,"32":1,"33":1,"34":1,"35":1,"36":0,"37":0,"38":1,"39":1,"40":1,"41":0,"42":0,"43":0,"44":0,"45":0,"46":0,"47":0,"48":1,"49":17,"50":8,"51":1,"52":1,"53":0},"f":{"0":17,"1":2,"2":0,"3":2,"4":1,"5":8,"6":1,"7":1,"8":0},"b":{"0":[1,1],"1":[0,0],"2":[0,2],"3":[1,1],"4":[2,1],"5":[1,0],"6":[0,1],"7":[0,0],"8":[0,0],"9":[9,8],"10":[1,7]},"meta":{"lastBranch":11,"lastFunction":9,"lastStatement":54,"seen":{"f:6:24:6:34":0,"s:7:32:7:Infinity":0,"s:15:2:15:Infinity":1,"s:17:31:23:Infinity":2,"f:17:31:17:32":1,"b:18:4:22:Infinity:20:11:22:Infinity":0,"s:18:4:22:Infinity":3,"s:19:6:19:Infinity":4,"s:21:6:21:Infinity":5,"s:25:27:29:Infinity":6,"f:25:27:25:28":2,"b:26:4:28:Infinity:undefined:undefined:undefined:undefined":1,"s:26:4:28:Infinity":7,"s:27:6:27:Infinity":8,"s:31:26:104:Infinity":9,"f:31:26:31:38":3,"b:32:2:35:Infinity:undefined:undefined:undefined:undefined":2,"s:32:2:35:Infinity":10,"s:33:4:33:Infinity":11,"s:34:4:34:Infinity":12,"s:37:16:37:Infinity":13,"s:38:22:38:Infinity":14,"b:40:2:46:Infinity:undefined:undefined:undefined:undefined":3,"s:40:2:46:Infinity":15,"b:40:6:40:16:40:16:40:30":4,"s:41:4:41:Infinity":16,"s:42:4:42:Infinity":17,"s:43:4:43:Infinity":18,"s:44:4:44:Infinity":19,"s:45:4:45:Infinity":20,"s:48:2:103:Infinity":21,"s:49:20:49:Infinity":22,"s:50:21:50:Infinity":23,"s:51:16:51:Infinity":24,"s:52:24:52:Infinity":25,"s:54:4:54:Infinity":26,"s:55:4:55:Infinity":27,"s:56:4:56:Infinity":28,"s:57:4:57:Infinity":29,"s:59:4:59:Infinity":30,"s:61:19:73:Infinity":31,"f:68:26:68:35":4,"s:68:35:72:8":32,"b:71:15:71:29:71:29:71:Infinity":5,"s:74:4:74:Infinity":33,"s:75:16:83:Infinity":34,"b:84:4:87:Infinity:undefined:undefined:undefined:undefined":6,"s:84:4:87:Infinity":35,"s:85:24:85:Infinity":36,"s:86:6:86:Infinity":37,"b:86:46:86:59:86:59:86:73":7,"s:88:4:88:Infinity":38,"s:89:4:89:Infinity":39,"s:90:4:90:Infinity":40,"s:92:4:92:Infinity":41,"b:93:4:100:Infinity:98:11:100:Infinity":8,"s:93:4:100:Infinity":42,"s:94:6:94:Infinity":43,"s:95:6:95:Infinity":44,"s:96:6:96:Infinity":45,"s:97:6:97:Infinity":46,"s:99:6:99:Infinity":47,"s:102:4:102:Infinity":48,"s:106:2:208:Infinity":49,"b:113:12:118:Infinity:120:12:201:Infinity":9,"f:122:27:122:28":5,"s:123:18:163:Infinity":50,"f:136:33:136:39":6,"s:136:39:136:Infinity":51,"f:143:33:143:39":7,"s:143:39:143:Infinity":52,"f:156:33:156:39":8,"s:156:39:156:Infinity":53,"b:197:33:197:51:197:51:197:Infinity":10}}}
}
